Данные сделки:
Array
(
    [ID] => 7
    [TITLE] => Поставка продукта
    [TYPE_ID] => COMPLEX
    [STAGE_ID] => EXECUTING
    [ORDER_STAGE] => 
    [PROBABILITY] => 50
    [CURRENCY_ID] => RUB
    [EXCH_RATE] => 1.0000
    [OPPORTUNITY] => 25000.00
    [IS_MANUAL_OPPORTUNITY] => N
    [TAX_VALUE] => 0.00
    [ACCOUNT_CURRENCY_ID] => RUB
    [OPPORTUNITY_ACCOUNT] => 25000.00
    [TAX_VALUE_ACCOUNT] => 0.00
    [LEAD_ID] => 3
    [COMPANY_ID] => 2
    [COMPANY_ADDRESS] => 
    [COMPANY_ADDRESS_LEGAL] => 
    [CONTACT_ID] => 5
    [CONTACT_ADDRESS] => 
    [QUOTE_ID] => 
    [QUOTE_TITLE] => 
    [BEGINDATE] => 12.04.2011
    [CLOSEDATE] => 12.05.2011
    [ASSIGNED_BY_ID] => 1
    [ASSIGNED_BY_LOGIN] => admin
    [ASSIGNED_BY_NAME] => Сергей
    [ASSIGNED_BY_LAST_NAME] => Замалетдинов
    [ASSIGNED_BY_SECOND_NAME] => 
    [ASSIGNED_BY_WORK_POSITION] => 
    [ASSIGNED_BY_PERSONAL_PHOTO] => 
    [CREATED_BY_ID] => 1
    [CREATED_BY_LOGIN] => admin
    [CREATED_BY_NAME] => Сергей
    [CREATED_BY_LAST_NAME] => Замалетдинов
    [CREATED_BY_SECOND_NAME] => 
    [MODIFY_BY_ID] => 1
    [MODIFY_BY_LOGIN] => admin
    [MODIFY_BY_NAME] => Сергей
    [MODIFY_BY_LAST_NAME] => Замалетдинов
    [MODIFY_BY_SECOND_NAME] => 
    [DATE_CREATE] => 11.09.2025 21:04:53
    [DATE_MODIFY] => 29.01.2026 23:05:49
    [OPENED] => N
    [CLOSED] => N
    [COMMENTS] => 
    [ADDITIONAL_INFO] => 
    [LOCATION_ID] => 
    [CATEGORY_ID] => 0
    [STAGE_SEMANTIC_ID] => P
    [IS_NEW] => N
    [IS_RECURRING] => N
    [IS_RETURN_CUSTOMER] => N
    [IS_REPEATED_APPROACH] => N
    [SOURCE_ID] => 
    [SOURCE_DESCRIPTION] => 
    [WEBFORM_ID] => 
    [ORIGINATOR_ID] => 
    [ORIGIN_ID] => 
    [MOVED_BY_ID] => 1
    [MOVED_TIME] => 29.01.2026 23:05:49
    [PRODUCT_ID] => 
    [EVENT_ID] => 
    [EVENT_DATE] => 
    [EVENT_DESCRIPTION] => 
    [LAST_ACTIVITY_TIME] => 11.09.2025 21:04:53
    [ASSIGNED_BY] => 1
    [CREATED_BY] => 1
    [MODIFY_BY] => 1
    [MOVED_BY] => 1
    [CONTACT_POST] => Менеджер
    [CONTACT_COMMENTS] => 
    [CONTACT_HONORIFIC] => 
    [CONTACT_NAME] => Олег
    [CONTACT_SECOND_NAME] => 
    [CONTACT_LAST_NAME] => Филатов
    [CONTACT_FULL_NAME] => Олег Филатов
    [CONTACT_PHOTO] => 70
    [CONTACT_LEAD_ID] => 3
    [CONTACT_TYPE_ID] => SUPPLIER
    [CONTACT_SOURCE_ID] => PARTNER
    [CONTACT_SOURCE_DESCRIPTION] => 
    [CONTACT_COMPANY_ID] => 2
    [CONTACT_BIRTHDATE] => 
    [CONTACT_BIRTHDAY_SORT] => 1024
    [CONTACT_EXPORT] => Y
    [CONTACT_HAS_PHONE] => N
    [CONTACT_HAS_EMAIL] => N
    [CONTACT_HAS_IMOL] => N
    [CONTACT_DATE_CREATE] => 11.09.2025 21:04:51
    [CONTACT_DATE_MODIFY] => 11.09.2025 21:04:51
    [CONTACT_ASSIGNED_BY_ID] => 1
    [CONTACT_CREATED_BY_ID] => 1
    [CONTACT_MODIFY_BY_ID] => 1
    [CONTACT_OPENED] => Y
    [CONTACT_WEBFORM_ID] => 
    [CONTACT_ORIGINATOR_ID] => 
    [CONTACT_ORIGIN_ID] => 
    [CONTACT_ORIGIN_VERSION] => 
    [CONTACT_FACE_ID] => 
    [CONTACT_CATEGORY_ID] => 0
    [CONTACT_LAST_ACTIVITY_BY] => 1
    [CONTACT_LAST_ACTIVITY_TIME] => 11.09.2025 21:04:51
    [COMPANY_TYPE] => OTHER
    [COMPANY_TITLE] => ООО "МТД Реклама"
    [COMPANY_LOGO] => 74
    [COMPANY_LEAD_ID] => 3
    [COMPANY_HAS_PHONE] => N
    [COMPANY_HAS_EMAIL] => Y
    [COMPANY_HAS_IMOL] => N
    [COMPANY_ASSIGNED_BY_ID] => 1
    [COMPANY_CREATED_BY_ID] => 1
    [COMPANY_MODIFY_BY_ID] => 1
    [COMPANY_BANKING_DETAILS] => 
    [COMPANY_INDUSTRY] => IT
    [COMPANY_REVENUE] => 0
    [COMPANY_CURRENCY_ID] => RUB
    [COMPANY_EMPLOYEES] => EMPLOYEES_2
    [COMPANY_COMMENTS] => 
    [COMPANY_DATE_CREATE] => 11.09.2025 21:04:52
    [COMPANY_DATE_MODIFY] => 11.09.2025 21:04:52
    [COMPANY_OPENED] => Y
    [COMPANY_IS_MY_COMPANY] => N
    [COMPANY_WEBFORM_ID] => 
    [COMPANY_ORIGINATOR_ID] => 
    [COMPANY_ORIGIN_ID] => 
    [COMPANY_ORIGIN_VERSION] => 
    [COMPANY_CATEGORY_ID] => 0
    [COMPANY_LAST_ACTIVITY_BY] => 1
    [COMPANY_LAST_ACTIVITY_TIME] => 11.09.2025 21:04:52
    [UTM_SOURCE] => 
    [UTM_MEDIUM] => 
    [UTM_CAMPAIGN] => 
    [UTM_CONTENT] => 
    [UTM_TERM] => 
    [LAST_COMMUNICATION_TIME] => 
    [LAST_ACTIVITY_BY] => 1
)


Данные сделки:
Array
(
    [ID] => 7
    [TITLE] => Поставка продукта
    [TYPE_ID] => COMPLEX
    [STAGE_ID] => FINAL_INVOICE
    [ORDER_STAGE] => 
    [PROBABILITY] => 50
    [CURRENCY_ID] => RUB
    [EXCH_RATE] => 1.0000
    [OPPORTUNITY] => 25000.00
    [IS_MANUAL_OPPORTUNITY] => N
    [TAX_VALUE] => 0.00
    [ACCOUNT_CURRENCY_ID] => RUB
    [OPPORTUNITY_ACCOUNT] => 25000.00
    [TAX_VALUE_ACCOUNT] => 0.00
    [LEAD_ID] => 3
    [COMPANY_ID] => 2
    [COMPANY_ADDRESS] => 
    [COMPANY_ADDRESS_LEGAL] => 
    [CONTACT_ID] => 5
    [CONTACT_ADDRESS] => 
    [QUOTE_ID] => 
    [QUOTE_TITLE] => 
    [BEGINDATE] => 12.04.2011
    [CLOSEDATE] => 12.05.2011
    [ASSIGNED_BY_ID] => 1
    [ASSIGNED_BY_LOGIN] => admin
    [ASSIGNED_BY_NAME] => Сергей
    [ASSIGNED_BY_LAST_NAME] => Замалетдинов
    [ASSIGNED_BY_SECOND_NAME] => 
    [ASSIGNED_BY_WORK_POSITION] => 
    [ASSIGNED_BY_PERSONAL_PHOTO] => 
    [CREATED_BY_ID] => 1
    [CREATED_BY_LOGIN] => admin
    [CREATED_BY_NAME] => Сергей
    [CREATED_BY_LAST_NAME] => Замалетдинов
    [CREATED_BY_SECOND_NAME] => 
    [MODIFY_BY_ID] => 1
    [MODIFY_BY_LOGIN] => admin
    [MODIFY_BY_NAME] => Сергей
    [MODIFY_BY_LAST_NAME] => Замалетдинов
    [MODIFY_BY_SECOND_NAME] => 
    [DATE_CREATE] => 11.09.2025 21:04:53
    [DATE_MODIFY] => 29.01.2026 23:05:52
    [OPENED] => N
    [CLOSED] => N
    [COMMENTS] => 
    [ADDITIONAL_INFO] => 
    [LOCATION_ID] => 
    [CATEGORY_ID] => 0
    [STAGE_SEMANTIC_ID] => P
    [IS_NEW] => N
    [IS_RECURRING] => N
    [IS_RETURN_CUSTOMER] => N
    [IS_REPEATED_APPROACH] => N
    [SOURCE_ID] => 
    [SOURCE_DESCRIPTION] => 
    [WEBFORM_ID] => 
    [ORIGINATOR_ID] => 
    [ORIGIN_ID] => 
    [MOVED_BY_ID] => 1
    [MOVED_TIME] => 29.01.2026 23:05:52
    [PRODUCT_ID] => 
    [EVENT_ID] => 
    [EVENT_DATE] => 
    [EVENT_DESCRIPTION] => 
    [LAST_ACTIVITY_TIME] => 11.09.2025 21:04:53
    [ASSIGNED_BY] => 1
    [CREATED_BY] => 1
    [MODIFY_BY] => 1
    [MOVED_BY] => 1
    [CONTACT_POST] => Менеджер
    [CONTACT_COMMENTS] => 
    [CONTACT_HONORIFIC] => 
    [CONTACT_NAME] => Олег
    [CONTACT_SECOND_NAME] => 
    [CONTACT_LAST_NAME] => Филатов
    [CONTACT_FULL_NAME] => Олег Филатов
    [CONTACT_PHOTO] => 70
    [CONTACT_LEAD_ID] => 3
    [CONTACT_TYPE_ID] => SUPPLIER
    [CONTACT_SOURCE_ID] => PARTNER
    [CONTACT_SOURCE_DESCRIPTION] => 
    [CONTACT_COMPANY_ID] => 2
    [CONTACT_BIRTHDATE] => 
    [CONTACT_BIRTHDAY_SORT] => 1024
    [CONTACT_EXPORT] => Y
    [CONTACT_HAS_PHONE] => N
    [CONTACT_HAS_EMAIL] => N
    [CONTACT_HAS_IMOL] => N
    [CONTACT_DATE_CREATE] => 11.09.2025 21:04:51
    [CONTACT_DATE_MODIFY] => 11.09.2025 21:04:51
    [CONTACT_ASSIGNED_BY_ID] => 1
    [CONTACT_CREATED_BY_ID] => 1
    [CONTACT_MODIFY_BY_ID] => 1
    [CONTACT_OPENED] => Y
    [CONTACT_WEBFORM_ID] => 
    [CONTACT_ORIGINATOR_ID] => 
    [CONTACT_ORIGIN_ID] => 
    [CONTACT_ORIGIN_VERSION] => 
    [CONTACT_FACE_ID] => 
    [CONTACT_CATEGORY_ID] => 0
    [CONTACT_LAST_ACTIVITY_BY] => 1
    [CONTACT_LAST_ACTIVITY_TIME] => 11.09.2025 21:04:51
    [COMPANY_TYPE] => OTHER
    [COMPANY_TITLE] => ООО "МТД Реклама"
    [COMPANY_LOGO] => 74
    [COMPANY_LEAD_ID] => 3
    [COMPANY_HAS_PHONE] => N
    [COMPANY_HAS_EMAIL] => Y
    [COMPANY_HAS_IMOL] => N
    [COMPANY_ASSIGNED_BY_ID] => 1
    [COMPANY_CREATED_BY_ID] => 1
    [COMPANY_MODIFY_BY_ID] => 1
    [COMPANY_BANKING_DETAILS] => 
    [COMPANY_INDUSTRY] => IT
    [COMPANY_REVENUE] => 0
    [COMPANY_CURRENCY_ID] => RUB
    [COMPANY_EMPLOYEES] => EMPLOYEES_2
    [COMPANY_COMMENTS] => 
    [COMPANY_DATE_CREATE] => 11.09.2025 21:04:52
    [COMPANY_DATE_MODIFY] => 11.09.2025 21:04:52
    [COMPANY_OPENED] => Y
    [COMPANY_IS_MY_COMPANY] => N
    [COMPANY_WEBFORM_ID] => 
    [COMPANY_ORIGINATOR_ID] => 
    [COMPANY_ORIGIN_ID] => 
    [COMPANY_ORIGIN_VERSION] => 
    [COMPANY_CATEGORY_ID] => 0
    [COMPANY_LAST_ACTIVITY_BY] => 1
    [COMPANY_LAST_ACTIVITY_TIME] => 11.09.2025 21:04:52
    [UTM_SOURCE] => 
    [UTM_MEDIUM] => 
    [UTM_CAMPAIGN] => 
    [UTM_CONTENT] => 
    [UTM_TERM] => 
    [LAST_COMMUNICATION_TIME] => 
    [LAST_ACTIVITY_BY] => 1
)


Данные сделки:
Array
(
    [ID] => 7
    [TITLE] => Поставка продукта
    [TYPE_ID] => COMPLEX
    [STAGE_ID] => EXECUTING
    [ORDER_STAGE] => 
    [PROBABILITY] => 50
    [CURRENCY_ID] => RUB
    [EXCH_RATE] => 1.0000
    [OPPORTUNITY] => 25000.00
    [IS_MANUAL_OPPORTUNITY] => N
    [TAX_VALUE] => 0.00
    [ACCOUNT_CURRENCY_ID] => RUB
    [OPPORTUNITY_ACCOUNT] => 25000.00
    [TAX_VALUE_ACCOUNT] => 0.00
    [LEAD_ID] => 3
    [COMPANY_ID] => 2
    [COMPANY_ADDRESS] => 
    [COMPANY_ADDRESS_LEGAL] => 
    [CONTACT_ID] => 5
    [CONTACT_ADDRESS] => 
    [QUOTE_ID] => 
    [QUOTE_TITLE] => 
    [BEGINDATE] => 12.04.2011
    [CLOSEDATE] => 12.05.2011
    [ASSIGNED_BY_ID] => 1
    [ASSIGNED_BY_LOGIN] => admin
    [ASSIGNED_BY_NAME] => Сергей
    [ASSIGNED_BY_LAST_NAME] => Замалетдинов
    [ASSIGNED_BY_SECOND_NAME] => 
    [ASSIGNED_BY_WORK_POSITION] => 
    [ASSIGNED_BY_PERSONAL_PHOTO] => 
    [CREATED_BY_ID] => 1
    [CREATED_BY_LOGIN] => admin
    [CREATED_BY_NAME] => Сергей
    [CREATED_BY_LAST_NAME] => Замалетдинов
    [CREATED_BY_SECOND_NAME] => 
    [MODIFY_BY_ID] => 1
    [MODIFY_BY_LOGIN] => admin
    [MODIFY_BY_NAME] => Сергей
    [MODIFY_BY_LAST_NAME] => Замалетдинов
    [MODIFY_BY_SECOND_NAME] => 
    [DATE_CREATE] => 11.09.2025 21:04:53
    [DATE_MODIFY] => 29.01.2026 23:05:53
    [OPENED] => N
    [CLOSED] => N
    [COMMENTS] => 
    [ADDITIONAL_INFO] => 
    [LOCATION_ID] => 
    [CATEGORY_ID] => 0
    [STAGE_SEMANTIC_ID] => P
    [IS_NEW] => N
    [IS_RECURRING] => N
    [IS_RETURN_CUSTOMER] => N
    [IS_REPEATED_APPROACH] => N
    [SOURCE_ID] => 
    [SOURCE_DESCRIPTION] => 
    [WEBFORM_ID] => 
    [ORIGINATOR_ID] => 
    [ORIGIN_ID] => 
    [MOVED_BY_ID] => 1
    [MOVED_TIME] => 29.01.2026 23:05:53
    [PRODUCT_ID] => 
    [EVENT_ID] => 
    [EVENT_DATE] => 
    [EVENT_DESCRIPTION] => 
    [LAST_ACTIVITY_TIME] => 11.09.2025 21:04:53
    [ASSIGNED_BY] => 1
    [CREATED_BY] => 1
    [MODIFY_BY] => 1
    [MOVED_BY] => 1
    [CONTACT_POST] => Менеджер
    [CONTACT_COMMENTS] => 
    [CONTACT_HONORIFIC] => 
    [CONTACT_NAME] => Олег
    [CONTACT_SECOND_NAME] => 
    [CONTACT_LAST_NAME] => Филатов
    [CONTACT_FULL_NAME] => Олег Филатов
    [CONTACT_PHOTO] => 70
    [CONTACT_LEAD_ID] => 3
    [CONTACT_TYPE_ID] => SUPPLIER
    [CONTACT_SOURCE_ID] => PARTNER
    [CONTACT_SOURCE_DESCRIPTION] => 
    [CONTACT_COMPANY_ID] => 2
    [CONTACT_BIRTHDATE] => 
    [CONTACT_BIRTHDAY_SORT] => 1024
    [CONTACT_EXPORT] => Y
    [CONTACT_HAS_PHONE] => N
    [CONTACT_HAS_EMAIL] => N
    [CONTACT_HAS_IMOL] => N
    [CONTACT_DATE_CREATE] => 11.09.2025 21:04:51
    [CONTACT_DATE_MODIFY] => 11.09.2025 21:04:51
    [CONTACT_ASSIGNED_BY_ID] => 1
    [CONTACT_CREATED_BY_ID] => 1
    [CONTACT_MODIFY_BY_ID] => 1
    [CONTACT_OPENED] => Y
    [CONTACT_WEBFORM_ID] => 
    [CONTACT_ORIGINATOR_ID] => 
    [CONTACT_ORIGIN_ID] => 
    [CONTACT_ORIGIN_VERSION] => 
    [CONTACT_FACE_ID] => 
    [CONTACT_CATEGORY_ID] => 0
    [CONTACT_LAST_ACTIVITY_BY] => 1
    [CONTACT_LAST_ACTIVITY_TIME] => 11.09.2025 21:04:51
    [COMPANY_TYPE] => OTHER
    [COMPANY_TITLE] => ООО "МТД Реклама"
    [COMPANY_LOGO] => 74
    [COMPANY_LEAD_ID] => 3
    [COMPANY_HAS_PHONE] => N
    [COMPANY_HAS_EMAIL] => Y
    [COMPANY_HAS_IMOL] => N
    [COMPANY_ASSIGNED_BY_ID] => 1
    [COMPANY_CREATED_BY_ID] => 1
    [COMPANY_MODIFY_BY_ID] => 1
    [COMPANY_BANKING_DETAILS] => 
    [COMPANY_INDUSTRY] => IT
    [COMPANY_REVENUE] => 0
    [COMPANY_CURRENCY_ID] => RUB
    [COMPANY_EMPLOYEES] => EMPLOYEES_2
    [COMPANY_COMMENTS] => 
    [COMPANY_DATE_CREATE] => 11.09.2025 21:04:52
    [COMPANY_DATE_MODIFY] => 11.09.2025 21:04:52
    [COMPANY_OPENED] => Y
    [COMPANY_IS_MY_COMPANY] => N
    [COMPANY_WEBFORM_ID] => 
    [COMPANY_ORIGINATOR_ID] => 
    [COMPANY_ORIGIN_ID] => 
    [COMPANY_ORIGIN_VERSION] => 
    [COMPANY_CATEGORY_ID] => 0
    [COMPANY_LAST_ACTIVITY_BY] => 1
    [COMPANY_LAST_ACTIVITY_TIME] => 11.09.2025 21:04:52
    [UTM_SOURCE] => 
    [UTM_MEDIUM] => 
    [UTM_CAMPAIGN] => 
    [UTM_CONTENT] => 
    [UTM_TERM] => 
    [LAST_COMMUNICATION_TIME] => 
    [LAST_ACTIVITY_BY] => 1
)


Данные сделки:
Array
(
    [ID] => 7
    [TITLE] => Поставка продукта
    [TYPE_ID] => COMPLEX
    [STAGE_ID] => PREPARATION
    [ORDER_STAGE] => 
    [PROBABILITY] => 50
    [CURRENCY_ID] => RUB
    [EXCH_RATE] => 1.0000
    [OPPORTUNITY] => 25000.00
    [IS_MANUAL_OPPORTUNITY] => N
    [TAX_VALUE] => 0.00
    [ACCOUNT_CURRENCY_ID] => RUB
    [OPPORTUNITY_ACCOUNT] => 25000.00
    [TAX_VALUE_ACCOUNT] => 0.00
    [LEAD_ID] => 3
    [COMPANY_ID] => 2
    [COMPANY_ADDRESS] => 
    [COMPANY_ADDRESS_LEGAL] => 
    [CONTACT_ID] => 5
    [CONTACT_ADDRESS] => 
    [QUOTE_ID] => 
    [QUOTE_TITLE] => 
    [BEGINDATE] => 12.04.2011
    [CLOSEDATE] => 12.05.2011
    [ASSIGNED_BY_ID] => 1
    [ASSIGNED_BY_LOGIN] => admin
    [ASSIGNED_BY_NAME] => Сергей
    [ASSIGNED_BY_LAST_NAME] => Замалетдинов
    [ASSIGNED_BY_SECOND_NAME] => 
    [ASSIGNED_BY_WORK_POSITION] => 
    [ASSIGNED_BY_PERSONAL_PHOTO] => 
    [CREATED_BY_ID] => 1
    [CREATED_BY_LOGIN] => admin
    [CREATED_BY_NAME] => Сергей
    [CREATED_BY_LAST_NAME] => Замалетдинов
    [CREATED_BY_SECOND_NAME] => 
    [MODIFY_BY_ID] => 1
    [MODIFY_BY_LOGIN] => admin
    [MODIFY_BY_NAME] => Сергей
    [MODIFY_BY_LAST_NAME] => Замалетдинов
    [MODIFY_BY_SECOND_NAME] => 
    [DATE_CREATE] => 11.09.2025 21:04:53
    [DATE_MODIFY] => 29.01.2026 23:06:08
    [OPENED] => N
    [CLOSED] => N
    [COMMENTS] => 
    [ADDITIONAL_INFO] => 
    [LOCATION_ID] => 
    [CATEGORY_ID] => 0
    [STAGE_SEMANTIC_ID] => P
    [IS_NEW] => N
    [IS_RECURRING] => N
    [IS_RETURN_CUSTOMER] => N
    [IS_REPEATED_APPROACH] => N
    [SOURCE_ID] => 
    [SOURCE_DESCRIPTION] => 
    [WEBFORM_ID] => 
    [ORIGINATOR_ID] => 
    [ORIGIN_ID] => 
    [MOVED_BY_ID] => 1
    [MOVED_TIME] => 29.01.2026 23:06:08
    [PRODUCT_ID] => 
    [EVENT_ID] => 
    [EVENT_DATE] => 
    [EVENT_DESCRIPTION] => 
    [LAST_ACTIVITY_TIME] => 11.09.2025 21:04:53
    [ASSIGNED_BY] => 1
    [CREATED_BY] => 1
    [MODIFY_BY] => 1
    [MOVED_BY] => 1
    [CONTACT_POST] => Менеджер
    [CONTACT_COMMENTS] => 
    [CONTACT_HONORIFIC] => 
    [CONTACT_NAME] => Олег
    [CONTACT_SECOND_NAME] => 
    [CONTACT_LAST_NAME] => Филатов
    [CONTACT_FULL_NAME] => Олег Филатов
    [CONTACT_PHOTO] => 70
    [CONTACT_LEAD_ID] => 3
    [CONTACT_TYPE_ID] => SUPPLIER
    [CONTACT_SOURCE_ID] => PARTNER
    [CONTACT_SOURCE_DESCRIPTION] => 
    [CONTACT_COMPANY_ID] => 2
    [CONTACT_BIRTHDATE] => 
    [CONTACT_BIRTHDAY_SORT] => 1024
    [CONTACT_EXPORT] => Y
    [CONTACT_HAS_PHONE] => N
    [CONTACT_HAS_EMAIL] => N
    [CONTACT_HAS_IMOL] => N
    [CONTACT_DATE_CREATE] => 11.09.2025 21:04:51
    [CONTACT_DATE_MODIFY] => 11.09.2025 21:04:51
    [CONTACT_ASSIGNED_BY_ID] => 1
    [CONTACT_CREATED_BY_ID] => 1
    [CONTACT_MODIFY_BY_ID] => 1
    [CONTACT_OPENED] => Y
    [CONTACT_WEBFORM_ID] => 
    [CONTACT_ORIGINATOR_ID] => 
    [CONTACT_ORIGIN_ID] => 
    [CONTACT_ORIGIN_VERSION] => 
    [CONTACT_FACE_ID] => 
    [CONTACT_CATEGORY_ID] => 0
    [CONTACT_LAST_ACTIVITY_BY] => 1
    [CONTACT_LAST_ACTIVITY_TIME] => 11.09.2025 21:04:51
    [COMPANY_TYPE] => OTHER
    [COMPANY_TITLE] => ООО "МТД Реклама"
    [COMPANY_LOGO] => 74
    [COMPANY_LEAD_ID] => 3
    [COMPANY_HAS_PHONE] => N
    [COMPANY_HAS_EMAIL] => Y
    [COMPANY_HAS_IMOL] => N
    [COMPANY_ASSIGNED_BY_ID] => 1
    [COMPANY_CREATED_BY_ID] => 1
    [COMPANY_MODIFY_BY_ID] => 1
    [COMPANY_BANKING_DETAILS] => 
    [COMPANY_INDUSTRY] => IT
    [COMPANY_REVENUE] => 0
    [COMPANY_CURRENCY_ID] => RUB
    [COMPANY_EMPLOYEES] => EMPLOYEES_2
    [COMPANY_COMMENTS] => 
    [COMPANY_DATE_CREATE] => 11.09.2025 21:04:52
    [COMPANY_DATE_MODIFY] => 11.09.2025 21:04:52
    [COMPANY_OPENED] => Y
    [COMPANY_IS_MY_COMPANY] => N
    [COMPANY_WEBFORM_ID] => 
    [COMPANY_ORIGINATOR_ID] => 
    [COMPANY_ORIGIN_ID] => 
    [COMPANY_ORIGIN_VERSION] => 
    [COMPANY_CATEGORY_ID] => 0
    [COMPANY_LAST_ACTIVITY_BY] => 1
    [COMPANY_LAST_ACTIVITY_TIME] => 11.09.2025 21:04:52
    [UTM_SOURCE] => 
    [UTM_MEDIUM] => 
    [UTM_CAMPAIGN] => 
    [UTM_CONTENT] => 
    [UTM_TERM] => 
    [LAST_COMMUNICATION_TIME] => 
    [LAST_ACTIVITY_BY] => 1
)


Данные сделки:
Array
(
    [ID] => 7
    [TITLE] => Поставка продукта
    [TYPE_ID] => COMPLEX
    [STAGE_ID] => PREPAYMENT_INVOICE
    [ORDER_STAGE] => 
    [PROBABILITY] => 50
    [CURRENCY_ID] => RUB
    [EXCH_RATE] => 1.0000
    [OPPORTUNITY] => 25000.00
    [IS_MANUAL_OPPORTUNITY] => N
    [TAX_VALUE] => 0.00
    [ACCOUNT_CURRENCY_ID] => RUB
    [OPPORTUNITY_ACCOUNT] => 25000.00
    [TAX_VALUE_ACCOUNT] => 0.00
    [LEAD_ID] => 3
    [COMPANY_ID] => 2
    [COMPANY_ADDRESS] => 
    [COMPANY_ADDRESS_LEGAL] => 
    [CONTACT_ID] => 5
    [CONTACT_ADDRESS] => 
    [QUOTE_ID] => 
    [QUOTE_TITLE] => 
    [BEGINDATE] => 12.04.2011
    [CLOSEDATE] => 12.05.2011
    [ASSIGNED_BY_ID] => 1
    [ASSIGNED_BY_LOGIN] => admin
    [ASSIGNED_BY_NAME] => Сергей
    [ASSIGNED_BY_LAST_NAME] => Замалетдинов
    [ASSIGNED_BY_SECOND_NAME] => 
    [ASSIGNED_BY_WORK_POSITION] => 
    [ASSIGNED_BY_PERSONAL_PHOTO] => 
    [CREATED_BY_ID] => 1
    [CREATED_BY_LOGIN] => admin
    [CREATED_BY_NAME] => Сергей
    [CREATED_BY_LAST_NAME] => Замалетдинов
    [CREATED_BY_SECOND_NAME] => 
    [MODIFY_BY_ID] => 1
    [MODIFY_BY_LOGIN] => admin
    [MODIFY_BY_NAME] => Сергей
    [MODIFY_BY_LAST_NAME] => Замалетдинов
    [MODIFY_BY_SECOND_NAME] => 
    [DATE_CREATE] => 11.09.2025 21:04:53
    [DATE_MODIFY] => 29.01.2026 23:06:11
    [OPENED] => N
    [CLOSED] => N
    [COMMENTS] => 
    [ADDITIONAL_INFO] => 
    [LOCATION_ID] => 
    [CATEGORY_ID] => 0
    [STAGE_SEMANTIC_ID] => P
    [IS_NEW] => N
    [IS_RECURRING] => N
    [IS_RETURN_CUSTOMER] => N
    [IS_REPEATED_APPROACH] => N
    [SOURCE_ID] => 
    [SOURCE_DESCRIPTION] => 
    [WEBFORM_ID] => 
    [ORIGINATOR_ID] => 
    [ORIGIN_ID] => 
    [MOVED_BY_ID] => 1
    [MOVED_TIME] => 29.01.2026 23:06:11
    [PRODUCT_ID] => 
    [EVENT_ID] => 
    [EVENT_DATE] => 
    [EVENT_DESCRIPTION] => 
    [LAST_ACTIVITY_TIME] => 11.09.2025 21:04:53
    [ASSIGNED_BY] => 1
    [CREATED_BY] => 1
    [MODIFY_BY] => 1
    [MOVED_BY] => 1
    [CONTACT_POST] => Менеджер
    [CONTACT_COMMENTS] => 
    [CONTACT_HONORIFIC] => 
    [CONTACT_NAME] => Олег
    [CONTACT_SECOND_NAME] => 
    [CONTACT_LAST_NAME] => Филатов
    [CONTACT_FULL_NAME] => Олег Филатов
    [CONTACT_PHOTO] => 70
    [CONTACT_LEAD_ID] => 3
    [CONTACT_TYPE_ID] => SUPPLIER
    [CONTACT_SOURCE_ID] => PARTNER
    [CONTACT_SOURCE_DESCRIPTION] => 
    [CONTACT_COMPANY_ID] => 2
    [CONTACT_BIRTHDATE] => 
    [CONTACT_BIRTHDAY_SORT] => 1024
    [CONTACT_EXPORT] => Y
    [CONTACT_HAS_PHONE] => N
    [CONTACT_HAS_EMAIL] => N
    [CONTACT_HAS_IMOL] => N
    [CONTACT_DATE_CREATE] => 11.09.2025 21:04:51
    [CONTACT_DATE_MODIFY] => 11.09.2025 21:04:51
    [CONTACT_ASSIGNED_BY_ID] => 1
    [CONTACT_CREATED_BY_ID] => 1
    [CONTACT_MODIFY_BY_ID] => 1
    [CONTACT_OPENED] => Y
    [CONTACT_WEBFORM_ID] => 
    [CONTACT_ORIGINATOR_ID] => 
    [CONTACT_ORIGIN_ID] => 
    [CONTACT_ORIGIN_VERSION] => 
    [CONTACT_FACE_ID] => 
    [CONTACT_CATEGORY_ID] => 0
    [CONTACT_LAST_ACTIVITY_BY] => 1
    [CONTACT_LAST_ACTIVITY_TIME] => 11.09.2025 21:04:51
    [COMPANY_TYPE] => OTHER
    [COMPANY_TITLE] => ООО "МТД Реклама"
    [COMPANY_LOGO] => 74
    [COMPANY_LEAD_ID] => 3
    [COMPANY_HAS_PHONE] => N
    [COMPANY_HAS_EMAIL] => Y
    [COMPANY_HAS_IMOL] => N
    [COMPANY_ASSIGNED_BY_ID] => 1
    [COMPANY_CREATED_BY_ID] => 1
    [COMPANY_MODIFY_BY_ID] => 1
    [COMPANY_BANKING_DETAILS] => 
    [COMPANY_INDUSTRY] => IT
    [COMPANY_REVENUE] => 0
    [COMPANY_CURRENCY_ID] => RUB
    [COMPANY_EMPLOYEES] => EMPLOYEES_2
    [COMPANY_COMMENTS] => 
    [COMPANY_DATE_CREATE] => 11.09.2025 21:04:52
    [COMPANY_DATE_MODIFY] => 11.09.2025 21:04:52
    [COMPANY_OPENED] => Y
    [COMPANY_IS_MY_COMPANY] => N
    [COMPANY_WEBFORM_ID] => 
    [COMPANY_ORIGINATOR_ID] => 
    [COMPANY_ORIGIN_ID] => 
    [COMPANY_ORIGIN_VERSION] => 
    [COMPANY_CATEGORY_ID] => 0
    [COMPANY_LAST_ACTIVITY_BY] => 1
    [COMPANY_LAST_ACTIVITY_TIME] => 11.09.2025 21:04:52
    [UTM_SOURCE] => 
    [UTM_MEDIUM] => 
    [UTM_CAMPAIGN] => 
    [UTM_CONTENT] => 
    [UTM_TERM] => 
    [LAST_COMMUNICATION_TIME] => 
    [LAST_ACTIVITY_BY] => 1
)


