Данные сделки:
Array
(
    [ID] => 6
    [TITLE] => Заключение партнерского договора
    [TYPE_ID] => SERVICES
    [STAGE_ID] => PREPAYMENT_INVOICE
    [ORDER_STAGE] => 
    [PROBABILITY] => 80
    [CURRENCY_ID] => RUB
    [EXCH_RATE] => 1.0000
    [OPPORTUNITY] => 10000.00
    [IS_MANUAL_OPPORTUNITY] => N
    [TAX_VALUE] => 
    [ACCOUNT_CURRENCY_ID] => RUB
    [OPPORTUNITY_ACCOUNT] => 10000.00
    [TAX_VALUE_ACCOUNT] => 0.00
    [LEAD_ID] => 
    [COMPANY_ID] => 0
    [COMPANY_ADDRESS] => 
    [COMPANY_ADDRESS_LEGAL] => 
    [CONTACT_ID] => 4
    [CONTACT_ADDRESS] => 
    [QUOTE_ID] => 
    [QUOTE_TITLE] => 
    [BEGINDATE] => 23.04.2011
    [CLOSEDATE] => 26.05.2011
    [ASSIGNED_BY_ID] => 1
    [ASSIGNED_BY_LOGIN] => admin
    [ASSIGNED_BY_NAME] => Сергей
    [ASSIGNED_BY_LAST_NAME] => Замалетдинов
    [ASSIGNED_BY_SECOND_NAME] => 
    [ASSIGNED_BY_WORK_POSITION] => 
    [ASSIGNED_BY_PERSONAL_PHOTO] => 
    [CREATED_BY_ID] => 1
    [CREATED_BY_LOGIN] => admin
    [CREATED_BY_NAME] => Сергей
    [CREATED_BY_LAST_NAME] => Замалетдинов
    [CREATED_BY_SECOND_NAME] => 
    [MODIFY_BY_ID] => 1
    [MODIFY_BY_LOGIN] => admin
    [MODIFY_BY_NAME] => Сергей
    [MODIFY_BY_LAST_NAME] => Замалетдинов
    [MODIFY_BY_SECOND_NAME] => 
    [DATE_CREATE] => 11.09.2025 21:04:53
    [DATE_MODIFY] => 06.02.2026 00:29:09
    [OPENED] => N
    [CLOSED] => N
    [COMMENTS] => 
    [ADDITIONAL_INFO] => 
    [LOCATION_ID] => 
    [CATEGORY_ID] => 0
    [STAGE_SEMANTIC_ID] => P
    [IS_NEW] => N
    [IS_RECURRING] => N
    [IS_RETURN_CUSTOMER] => N
    [IS_REPEATED_APPROACH] => N
    [SOURCE_ID] => 
    [SOURCE_DESCRIPTION] => 
    [WEBFORM_ID] => 
    [ORIGINATOR_ID] => 
    [ORIGIN_ID] => 
    [MOVED_BY_ID] => 1
    [MOVED_TIME] => 06.02.2026 00:29:09
    [PRODUCT_ID] => 
    [EVENT_ID] => 
    [EVENT_DATE] => 
    [EVENT_DESCRIPTION] => 
    [LAST_ACTIVITY_TIME] => 17.12.2025 16:00:00
    [ASSIGNED_BY] => 1
    [CREATED_BY] => 1
    [MODIFY_BY] => 1
    [MOVED_BY] => 1
    [CONTACT_POST] => Фрилансер
    [CONTACT_COMMENTS] => 
    [CONTACT_HONORIFIC] => 
    [CONTACT_NAME] => Станислав
    [CONTACT_SECOND_NAME] => 
    [CONTACT_LAST_NAME] => Тихонов
    [CONTACT_FULL_NAME] => Станислав Тихонов
    [CONTACT_PHOTO] => 69
    [CONTACT_LEAD_ID] => 
    [CONTACT_TYPE_ID] => CLIENT
    [CONTACT_SOURCE_ID] => CALL
    [CONTACT_SOURCE_DESCRIPTION] => 
    [CONTACT_COMPANY_ID] => 0
    [CONTACT_BIRTHDATE] => 
    [CONTACT_BIRTHDAY_SORT] => 1024
    [CONTACT_EXPORT] => Y
    [CONTACT_HAS_PHONE] => Y
    [CONTACT_HAS_EMAIL] => N
    [CONTACT_HAS_IMOL] => N
    [CONTACT_DATE_CREATE] => 11.09.2025 21:04:51
    [CONTACT_DATE_MODIFY] => 11.09.2025 21:04:51
    [CONTACT_ASSIGNED_BY_ID] => 1
    [CONTACT_CREATED_BY_ID] => 1
    [CONTACT_MODIFY_BY_ID] => 1
    [CONTACT_OPENED] => Y
    [CONTACT_WEBFORM_ID] => 
    [CONTACT_ORIGINATOR_ID] => 
    [CONTACT_ORIGIN_ID] => 
    [CONTACT_ORIGIN_VERSION] => 
    [CONTACT_FACE_ID] => 
    [CONTACT_CATEGORY_ID] => 0
    [CONTACT_LAST_ACTIVITY_BY] => 1
    [CONTACT_LAST_ACTIVITY_TIME] => 11.09.2025 21:04:51
    [COMPANY_TYPE] => 
    [COMPANY_TITLE] => 
    [COMPANY_LOGO] => 
    [COMPANY_LEAD_ID] => 
    [COMPANY_HAS_PHONE] => 
    [COMPANY_HAS_EMAIL] => 
    [COMPANY_HAS_IMOL] => 
    [COMPANY_ASSIGNED_BY_ID] => 
    [COMPANY_CREATED_BY_ID] => 
    [COMPANY_MODIFY_BY_ID] => 
    [COMPANY_BANKING_DETAILS] => 
    [COMPANY_INDUSTRY] => 
    [COMPANY_REVENUE] => 
    [COMPANY_CURRENCY_ID] => 
    [COMPANY_EMPLOYEES] => 
    [COMPANY_COMMENTS] => 
    [COMPANY_DATE_CREATE] => 
    [COMPANY_DATE_MODIFY] => 
    [COMPANY_OPENED] => 
    [COMPANY_IS_MY_COMPANY] => 
    [COMPANY_WEBFORM_ID] => 
    [COMPANY_ORIGINATOR_ID] => 
    [COMPANY_ORIGIN_ID] => 
    [COMPANY_ORIGIN_VERSION] => 
    [COMPANY_CATEGORY_ID] => 
    [COMPANY_LAST_ACTIVITY_BY] => 
    [COMPANY_LAST_ACTIVITY_TIME] => 
    [UTM_SOURCE] => 
    [UTM_MEDIUM] => 
    [UTM_CAMPAIGN] => 
    [UTM_CONTENT] => 
    [UTM_TERM] => 
    [PARENT_ID_1040] => 
    [LAST_COMMUNICATION_TIME] => 
    [LAST_ACTIVITY_BY] => 1
)


Данные сделки:
Array
(
    [ID] => 1
    [TITLE] => Продажа продукта
    [TYPE_ID] => SALE
    [STAGE_ID] => NEW
    [ORDER_STAGE] => 
    [PROBABILITY] => 32
    [CURRENCY_ID] => RUB
    [EXCH_RATE] => 1.0000
    [OPPORTUNITY] => 10000.00
    [IS_MANUAL_OPPORTUNITY] => N
    [TAX_VALUE] => 0.00
    [ACCOUNT_CURRENCY_ID] => RUB
    [OPPORTUNITY_ACCOUNT] => 10000.00
    [TAX_VALUE_ACCOUNT] => 0.00
    [LEAD_ID] => 
    [COMPANY_ID] => 4
    [COMPANY_ADDRESS] => 
    [COMPANY_ADDRESS_LEGAL] => 
    [CONTACT_ID] => 6
    [CONTACT_ADDRESS] => 
    [QUOTE_ID] => 
    [QUOTE_TITLE] => 
    [BEGINDATE] => 01.03.2011
    [CLOSEDATE] => 14.03.2011
    [ASSIGNED_BY_ID] => 1
    [ASSIGNED_BY_LOGIN] => admin
    [ASSIGNED_BY_NAME] => Сергей
    [ASSIGNED_BY_LAST_NAME] => Замалетдинов
    [ASSIGNED_BY_SECOND_NAME] => 
    [ASSIGNED_BY_WORK_POSITION] => 
    [ASSIGNED_BY_PERSONAL_PHOTO] => 
    [CREATED_BY_ID] => 1
    [CREATED_BY_LOGIN] => admin
    [CREATED_BY_NAME] => Сергей
    [CREATED_BY_LAST_NAME] => Замалетдинов
    [CREATED_BY_SECOND_NAME] => 
    [MODIFY_BY_ID] => 1
    [MODIFY_BY_LOGIN] => admin
    [MODIFY_BY_NAME] => Сергей
    [MODIFY_BY_LAST_NAME] => Замалетдинов
    [MODIFY_BY_SECOND_NAME] => 
    [DATE_CREATE] => 11.09.2025 21:04:52
    [DATE_MODIFY] => 06.02.2026 00:29:16
    [OPENED] => N
    [CLOSED] => N
    [COMMENTS] => 
    [ADDITIONAL_INFO] => 
    [LOCATION_ID] => 
    [CATEGORY_ID] => 0
    [STAGE_SEMANTIC_ID] => P
    [IS_NEW] => Y
    [IS_RECURRING] => N
    [IS_RETURN_CUSTOMER] => N
    [IS_REPEATED_APPROACH] => N
    [SOURCE_ID] => 
    [SOURCE_DESCRIPTION] => 
    [WEBFORM_ID] => 
    [ORIGINATOR_ID] => 
    [ORIGIN_ID] => 
    [MOVED_BY_ID] => 1
    [MOVED_TIME] => 06.02.2026 00:29:16
    [PRODUCT_ID] => 
    [EVENT_ID] => 
    [EVENT_DATE] => 
    [EVENT_DESCRIPTION] => 
    [LAST_ACTIVITY_TIME] => 11.09.2025 21:04:52
    [ASSIGNED_BY] => 1
    [CREATED_BY] => 1
    [MODIFY_BY] => 1
    [MOVED_BY] => 1
    [CONTACT_POST] => Начальник отдела
    [CONTACT_COMMENTS] => 
    [CONTACT_HONORIFIC] => 
    [CONTACT_NAME] => Елена
    [CONTACT_SECOND_NAME] => 
    [CONTACT_LAST_NAME] => Шашкова
    [CONTACT_FULL_NAME] => Елена Шашкова
    [CONTACT_PHOTO] => 71
    [CONTACT_LEAD_ID] => 
    [CONTACT_TYPE_ID] => PARTNER
    [CONTACT_SOURCE_ID] => PARTNER
    [CONTACT_SOURCE_DESCRIPTION] => 
    [CONTACT_COMPANY_ID] => 4
    [CONTACT_BIRTHDATE] => 
    [CONTACT_BIRTHDAY_SORT] => 1024
    [CONTACT_EXPORT] => Y
    [CONTACT_HAS_PHONE] => N
    [CONTACT_HAS_EMAIL] => Y
    [CONTACT_HAS_IMOL] => N
    [CONTACT_DATE_CREATE] => 11.09.2025 21:04:51
    [CONTACT_DATE_MODIFY] => 11.09.2025 21:04:51
    [CONTACT_ASSIGNED_BY_ID] => 1
    [CONTACT_CREATED_BY_ID] => 1
    [CONTACT_MODIFY_BY_ID] => 1
    [CONTACT_OPENED] => Y
    [CONTACT_WEBFORM_ID] => 
    [CONTACT_ORIGINATOR_ID] => 
    [CONTACT_ORIGIN_ID] => 
    [CONTACT_ORIGIN_VERSION] => 
    [CONTACT_FACE_ID] => 
    [CONTACT_CATEGORY_ID] => 0
    [CONTACT_LAST_ACTIVITY_BY] => 1
    [CONTACT_LAST_ACTIVITY_TIME] => 11.09.2025 21:04:51
    [COMPANY_TYPE] => PARTNER
    [COMPANY_TITLE] => ООО "Логистика-север"
    [COMPANY_LOGO] => 76
    [COMPANY_LEAD_ID] => 
    [COMPANY_HAS_PHONE] => N
    [COMPANY_HAS_EMAIL] => Y
    [COMPANY_HAS_IMOL] => N
    [COMPANY_ASSIGNED_BY_ID] => 1
    [COMPANY_CREATED_BY_ID] => 1
    [COMPANY_MODIFY_BY_ID] => 1
    [COMPANY_BANKING_DETAILS] => 
    [COMPANY_INDUSTRY] => DELIVERY
    [COMPANY_REVENUE] => 0
    [COMPANY_CURRENCY_ID] => RUB
    [COMPANY_EMPLOYEES] => EMPLOYEES_2
    [COMPANY_COMMENTS] => 
    [COMPANY_DATE_CREATE] => 11.09.2025 21:04:52
    [COMPANY_DATE_MODIFY] => 11.09.2025 21:04:52
    [COMPANY_OPENED] => Y
    [COMPANY_IS_MY_COMPANY] => N
    [COMPANY_WEBFORM_ID] => 
    [COMPANY_ORIGINATOR_ID] => 
    [COMPANY_ORIGIN_ID] => 
    [COMPANY_ORIGIN_VERSION] => 
    [COMPANY_CATEGORY_ID] => 0
    [COMPANY_LAST_ACTIVITY_BY] => 1
    [COMPANY_LAST_ACTIVITY_TIME] => 11.09.2025 21:04:52
    [UTM_SOURCE] => 
    [UTM_MEDIUM] => 
    [UTM_CAMPAIGN] => 
    [UTM_CONTENT] => 
    [UTM_TERM] => 
    [PARENT_ID_1040] => 
    [LAST_COMMUNICATION_TIME] => 
    [LAST_ACTIVITY_BY] => 1
)


